<?xml version="1.0" encoding="UTF-8"?>
<testng-results ignored="0" total="1" passed="1" failed="0" skipped="0">
  <reporter-output>
  </reporter-output>
  <suite started-at="2023-02-21T14:38:13Z" name="Default suite" finished-at="2023-02-21T14:38:13Z" duration-ms="136">
    <groups>
    </groups>
    <test started-at="2023-02-21T14:38:13Z" name="Default test" finished-at="2023-02-21T14:38:13Z" duration-ms="136">
      <class name="com.test.DemoTest">
        <test-method signature="test1()[pri:0, instance:com.test.DemoTest@5495333e]" started-at="2023-02-21T14:38:13Z" name="test1" finished-at="2023-02-21T14:38:13Z" duration-ms="29" status="PASS">
          <reporter-output>
          </reporter-output>
        </test-method> <!-- test1 -->
      </class> <!-- com.test.DemoTest -->
    </test> <!-- Default test -->
  </suite> <!-- Default suite -->
</testng-results>
